<?xml version="1.0" encoding="UTF-8"?>
<!-- Generated by org.testng.reporters.JUnitReportReporter -->
<testsuite hostname="AILT-100416" failures="0" tests="2" name="com.audree.infotech.pwo2.tests.masters.FailureObjectTest" time="6.294" errors="0" timestamp="2024-09-05T12:46:50 IST" skipped="0">
  <testcase classname="com.audree.infotech.pwo2.tests.masters.FailureObjectTest" name="Update" time="3.528"/>
  <testcase classname="com.audree.infotech.pwo2.tests.masters.FailureObjectTest" name="Create" time="2.766"/>
</testsuite> <!-- com.audree.infotech.pwo2.tests.masters.FailureObjectTest -->
