<?xml version="1.0" encoding="UTF-8"?>
<!-- Generated by org.testng.reporters.JUnitReportReporter -->
<testsuite hostname="AILT-100416" failures="0" tests="2" name="com.audree.infotech.pwo2.tests.masters.BlockTest" time="9.818" errors="0" timestamp="2024-09-05T12:54:02 IST" skipped="0">
  <testcase classname="com.audree.infotech.pwo2.tests.masters.BlockTest" name="Update" time="7.192"/>
  <testcase classname="com.audree.infotech.pwo2.tests.masters.BlockTest" name="Create" time="2.626"/>
</testsuite> <!-- com.audree.infotech.pwo2.tests.masters.BlockTest -->
