<?xml version="1.0" encoding="UTF-8"?>
<!-- Generated by org.testng.reporters.JUnitReportReporter -->
<testsuite hostname="AILT-100416" failures="0" tests="1" name="com.audree.infotech.pwo2.tests.Transcations.ImpactAssessmentByUserTest" time="23.023" errors="0" timestamp="2024-09-26T17:49:56 IST" skipped="0">
  <testcase classname="com.audree.infotech.pwo2.tests.Transcations.ImpactAssessmentByUserTest" name="submittingRecord" time="23.023"/>
</testsuite> <!-- com.audree.infotech.pwo2.tests.Transcations.ImpactAssessmentByUserTest -->
