<?xml version="1.0" encoding="UTF-8"?>
<!-- Generated by org.testng.reporters.JUnitReportReporter -->
<testsuite hostname="AILT-100416" failures="0" tests="1" name="com.audree.infotech.pwo2.tests.Transcations.CategorizationOfWorkTest" time="31.506" errors="0" timestamp="2024-09-27T10:34:31 IST" skipped="0">
  <testcase classname="com.audree.infotech.pwo2.tests.Transcations.CategorizationOfWorkTest" name="submittingRecord" time="31.506"/>
</testsuite> <!-- com.audree.infotech.pwo2.tests.Transcations.CategorizationOfWorkTest -->
