<?xml version="1.0" encoding="UTF-8"?>
<!-- Generated by org.testng.reporters.JUnitReportReporter -->
<testsuite hostname="AILT-100416" failures="0" tests="2" name="com.audree.infotech.pwo2.tests.Transcations.WorkUnderProgressTest" time="7.130" errors="0" timestamp="2024-09-26T17:06:58 IST" skipped="0">
  <testcase classname="com.audree.infotech.pwo2.tests.Transcations.WorkUnderProgressTest" name="WorkUnderProgressSelect" time="2.212"/>
  <testcase classname="com.audree.infotech.pwo2.tests.Transcations.WorkUnderProgressTest" name="WorkUnderProgressSubmit" time="4.918"/>
</testsuite> <!-- com.audree.infotech.pwo2.tests.Transcations.WorkUnderProgressTest -->
