<?xml version="1.0" encoding="UTF-8"?>
<!-- Generated by org.testng.reporters.JUnitReportReporter -->
<testsuite hostname="AILT-100416" failures="0" tests="2" name="com.audree.infotech.pwo2.tests.Transcations.WorkOrderInitiationTest" time="25.073" errors="0" timestamp="2024-09-26T12:14:31 IST" skipped="0">
  <testcase classname="com.audree.infotech.pwo2.tests.Transcations.WorkOrderInitiationTest" name="createWorkOrder" time="3.306"/>
  <testcase classname="com.audree.infotech.pwo2.tests.Transcations.WorkOrderInitiationTest" name="saveRecord" time="21.767"/>
</testsuite> <!-- com.audree.infotech.pwo2.tests.Transcations.WorkOrderInitiationTest -->
