<?xml version="1.0" encoding="UTF-8"?>
<!-- Generated by org.testng.reporters.JUnitReportReporter -->
<testsuite hostname="AILT-100416" failures="0" tests="2" name="com.audree.infotech.pwo2.tests.masters.MaterialNameTest" time="6.455" errors="0" timestamp="2024-09-05T12:53:35 IST" skipped="0">
  <testcase classname="com.audree.infotech.pwo2.tests.masters.MaterialNameTest" name="Update" time="3.392"/>
  <testcase classname="com.audree.infotech.pwo2.tests.masters.MaterialNameTest" name="Create" time="3.063"/>
</testsuite> <!-- com.audree.infotech.pwo2.tests.masters.MaterialNameTest -->
