<?xml version="1.0" encoding="UTF-8"?>
<!-- Generated by org.testng.reporters.JUnitReportReporter -->
<testsuite hostname="AILT-100416" failures="0" tests="1" name="com.audree.infotech.pwo2.tests.Transcations.WorkUnderClosure" time="6.864" errors="0" timestamp="2024-09-27T10:57:01 IST" skipped="0">
  <testcase classname="com.audree.infotech.pwo2.tests.Transcations.WorkUnderClosure" name="submittingRecord" time="6.864"/>
</testsuite> <!-- com.audree.infotech.pwo2.tests.Transcations.WorkUnderClosure -->
