<?xml version="1.0" encoding="UTF-8"?>
<!-- Generated by org.testng.reporters.JUnitReportReporter -->
<testsuite hostname="AILT-100416" failures="0" tests="2" name="com.audree.infotech.pwo2.tests.masters.Section" time="11.172" errors="0" timestamp="2024-09-25T11:45:13 IST" skipped="0">
  <testcase classname="com.audree.infotech.pwo2.tests.masters.Section" name="Update" time="5.365"/>
  <testcase classname="com.audree.infotech.pwo2.tests.masters.Section" name="Create" time="5.807"/>
</testsuite> <!-- com.audree.infotech.pwo2.tests.masters.Section -->
