<?xml version="1.0" encoding="UTF-8"?>
<!-- Generated by org.testng.reporters.JUnitReportReporter -->
<testsuite hostname="AILT-100416" failures="0" tests="2" name="com.audree.infotech.pwo2.tests.EquipOrInstId" time="12.891" errors="0" timestamp="2024-08-29T18:12:29 IST" skipped="0">
  <testcase classname="com.audree.infotech.pwo2.tests.EquipOrInstId" name="Update" time="2.551"/>
  <testcase classname="com.audree.infotech.pwo2.tests.EquipOrInstId" name="Create" time="10.340"/>
</testsuite> <!-- com.audree.infotech.pwo2.tests.EquipOrInstId -->
