<?xml version="1.0" encoding="UTF-8"?>
<!-- Generated by org.testng.reporters.JUnitReportReporter -->
<testsuite hostname="AILT-100416" failures="0" tests="2" name="com.audree.infotech.pwo2.tests.EquipOrInstName" time="14.185" errors="0" timestamp="2024-08-30T10:51:33 IST" skipped="0">
  <testcase classname="com.audree.infotech.pwo2.tests.EquipOrInstName" name="Update" time="11.259"/>
  <testcase classname="com.audree.infotech.pwo2.tests.EquipOrInstName" name="Create" time="2.926"/>
</testsuite> <!-- com.audree.infotech.pwo2.tests.EquipOrInstName -->
