<?xml version="1.0" encoding="UTF-8"?>
<!-- Generated by org.testng.reporters.JUnitReportReporter -->
<testsuite hostname="AILT-100416" failures="0" tests="2" name="com.audree.infotech.pwo2.tests.Section" time="4.778" errors="0" timestamp="2024-08-29T18:12:29 IST" skipped="0">
  <testcase classname="com.audree.infotech.pwo2.tests.Section" name="Create" time="1.503"/>
  <testcase classname="com.audree.infotech.pwo2.tests.Section" name="Update" time="3.275"/>
</testsuite> <!-- com.audree.infotech.pwo2.tests.Section -->
