<?xml version="1.0" encoding="UTF-8"?>
<!-- Generated by org.testng.reporters.JUnitReportReporter -->
<testsuite hostname="AILT-100416" failures="0" tests="2" name="com.audree.infotech.pwo2.tests.Transcations.EnInitialReviewTest" time="6.183" errors="0" timestamp="2024-09-26T12:46:53 IST" skipped="0">
  <testcase classname="com.audree.infotech.pwo2.tests.Transcations.EnInitialReviewTest" name="EnInitialReviewWorkFlow" time="4.956"/>
  <testcase classname="com.audree.infotech.pwo2.tests.Transcations.EnInitialReviewTest" name="submittingRecord" time="1.227"/>
</testsuite> <!-- com.audree.infotech.pwo2.tests.Transcations.EnInitialReviewTest -->
