<?xml version="1.0" encoding="UTF-8"?>
<!-- Generated by org.testng.reporters.JUnitReportReporter -->
<testsuite hostname="AILT-100416" failures="0" tests="1" name="com.audree.infotech.pwo2.tests.Transcations.ClosureInitiation" time="2.475" errors="0" timestamp="2024-09-27T11:40:52 IST" skipped="0">
  <testcase classname="com.audree.infotech.pwo2.tests.Transcations.ClosureInitiation" name="submittingRecord" time="2.475"/>
</testsuite> <!-- com.audree.infotech.pwo2.tests.Transcations.ClosureInitiation -->
