<?xml version="1.0" encoding="UTF-8"?>
<!-- Generated by org.testng.reporters.JUnitReportReporter -->
<testsuite hostname="AILT-100416" failures="0" tests="2" name="com.audree.infotech.pwo2.tests.masters.MaterialCodeTest" time="4.579" errors="0" timestamp="2024-09-05T13:01:53 IST" skipped="0">
  <testcase classname="com.audree.infotech.pwo2.tests.masters.MaterialCodeTest" name="Create" time="3.404"/>
  <testcase classname="com.audree.infotech.pwo2.tests.masters.MaterialCodeTest" name="Update" time="1.175"/>
</testsuite> <!-- com.audree.infotech.pwo2.tests.masters.MaterialCodeTest -->
