<?xml version="1.0" encoding="UTF-8"?>
<!-- Generated by org.testng.reporters.JUnitReportReporter -->
<testsuite hostname="AILT-100416" failures="0" tests="2" name="com.audree.infotech.pwo2.tests.masters.EquipOrInstName" time="11.732" errors="0" timestamp="2024-09-25T11:42:48 IST" skipped="0">
  <testcase classname="com.audree.infotech.pwo2.tests.masters.EquipOrInstName" name="Create" time="6.489"/>
  <testcase classname="com.audree.infotech.pwo2.tests.masters.EquipOrInstName" name="Update" time="5.243"/>
</testsuite> <!-- com.audree.infotech.pwo2.tests.masters.EquipOrInstName -->
