<?xml version="1.0" encoding="UTF-8"?>
<!-- Generated by org.testng.reporters.JUnitReportReporter -->
<testsuite hostname="AILT-100416" failures="0" tests="2" name="com.audree.infotech.pwo2.tests.masters.Section" time="6.391" errors="0" timestamp="2024-09-05T12:46:00 IST" skipped="0">
  <testcase classname="com.audree.infotech.pwo2.tests.masters.Section" name="Update" time="3.723"/>
  <testcase classname="com.audree.infotech.pwo2.tests.masters.Section" name="Create" time="2.668"/>
</testsuite> <!-- com.audree.infotech.pwo2.tests.masters.Section -->
