<?xml version="1.0" encoding="UTF-8"?>
<!-- Generated by org.testng.reporters.JUnitReportReporter -->
<testsuite hostname="AILT-100416" failures="0" tests="2" name="com.audree.infotech.pwo2.tests.masters.EquipOrInstId" time="18.758" errors="0" timestamp="2024-09-25T11:53:20 IST" skipped="0">
  <testcase classname="com.audree.infotech.pwo2.tests.masters.EquipOrInstId" name="Create" time="13.472"/>
  <testcase classname="com.audree.infotech.pwo2.tests.masters.EquipOrInstId" name="Update" time="5.286"/>
</testsuite> <!-- com.audree.infotech.pwo2.tests.masters.EquipOrInstId -->
