<?xml version="1.0" encoding="UTF-8"?>
<!-- Generated by org.testng.reporters.JUnitReportReporter -->
<testsuite hostname="AILT-100416" failures="0" tests="1" name="com.audree.infotech.pwo2.tests.masters.EquipOrInstName" time="3.108" errors="0" timestamp="2024-09-05T12:35:36 IST" skipped="0">
  <testcase classname="com.audree.infotech.pwo2.tests.masters.EquipOrInstName" name="Create" time="3.108"/>
</testsuite> <!-- com.audree.infotech.pwo2.tests.masters.EquipOrInstName -->
