<?xml version="1.0" encoding="UTF-8"?>
<!-- Generated by org.testng.reporters.JUnitReportReporter -->
<testsuite hostname="AILT-100416" failures="0" tests="2" name="com.audree.infotech.pwo2.tests.Transcations.InitialReviewByQA" time="3.001" errors="0" timestamp="2024-09-26T14:53:01 IST" skipped="0">
  <testcase classname="com.audree.infotech.pwo2.tests.Transcations.InitialReviewByQA" name="initialReviewWorkFlow" time="1.808"/>
  <testcase classname="com.audree.infotech.pwo2.tests.Transcations.InitialReviewByQA" name="submittingRecord" time="1.193"/>
</testsuite> <!-- com.audree.infotech.pwo2.tests.Transcations.InitialReviewByQA -->
