<?xml version="1.0" encoding="UTF-8"?>
<!-- Generated by org.testng.reporters.JUnitReportReporter -->
<testsuite hostname="AILT-100416" failures="0" tests="2" name="com.audree.infotech.pwo2.tests.masters.TypeOfWork" time="6.201" errors="0" timestamp="2024-09-05T12:44:22 IST" skipped="0">
  <testcase classname="com.audree.infotech.pwo2.tests.masters.TypeOfWork" name="Create" time="2.730"/>
  <testcase classname="com.audree.infotech.pwo2.tests.masters.TypeOfWork" name="Update" time="3.471"/>
</testsuite> <!-- com.audree.infotech.pwo2.tests.masters.TypeOfWork -->
