<?xml version="1.0" encoding="UTF-8"?>
<!-- Generated by org.testng.reporters.JUnitReportReporter -->
<testsuite hostname="AILT-100416" failures="0" tests="2" name="com.audree.infotech.pwo2.tests.BlockTest" time="3.607" errors="0" timestamp="2024-08-29T18:12:29 IST" skipped="0">
  <testcase classname="com.audree.infotech.pwo2.tests.BlockTest" name="Update" time="2.242"/>
  <testcase classname="com.audree.infotech.pwo2.tests.BlockTest" name="Create" time="1.365"/>
</testsuite> <!-- com.audree.infotech.pwo2.tests.BlockTest -->
