<?xml version="1.0" encoding="UTF-8"?>
<!-- Generated by org.testng.reporters.JUnitReportReporter -->
<testsuite hostname="AILT-100416" failures="0" tests="3" name="com.audree.infotech.pwo2.tests.Transcations.WorkOrderInitiationTest" time="122.644" errors="0" timestamp="2024-09-05T14:33:57 IST" skipped="0">
  <testcase classname="com.audree.infotech.pwo2.tests.Transcations.WorkOrderInitiationTest" name="createWorkOrder" time="32.096"/>
  <testcase classname="com.audree.infotech.pwo2.tests.Transcations.WorkOrderInitiationTest" name="savingRecord" time="30.165"/>
  <testcase classname="com.audree.infotech.pwo2.tests.Transcations.WorkOrderInitiationTest" name="submittingRecord" time="60.383"/>
</testsuite> <!-- com.audree.infotech.pwo2.tests.Transcations.WorkOrderInitiationTest -->
