<?xml version="1.0" encoding="UTF-8"?>
<!-- Generated by org.testng.reporters.JUnitReportReporter -->
<testsuite hostname="AILT-100416" failures="0" tests="2" name="com.audree.infotech.pwo2.tests.masters.FailureObjectTest" time="11.545" errors="0" timestamp="2024-09-25T11:46:01 IST" skipped="0">
  <testcase classname="com.audree.infotech.pwo2.tests.masters.FailureObjectTest" name="Create" time="6.754"/>
  <testcase classname="com.audree.infotech.pwo2.tests.masters.FailureObjectTest" name="Update" time="4.791"/>
</testsuite> <!-- com.audree.infotech.pwo2.tests.masters.FailureObjectTest -->
