<?xml version="1.0" encoding="UTF-8"?>
<!-- Generated by org.testng.reporters.JUnitReportReporter -->
<testsuite hostname="AILT-100416" failures="0" tests="2" name="com.audree.infotech.pwo2.tests.masters.BlockTest" time="11.435" errors="0" timestamp="2024-09-25T11:48:18 IST" skipped="0">
  <testcase classname="com.audree.infotech.pwo2.tests.masters.BlockTest" name="Update" time="5.107"/>
  <testcase classname="com.audree.infotech.pwo2.tests.masters.BlockTest" name="Create" time="6.328"/>
</testsuite> <!-- com.audree.infotech.pwo2.tests.masters.BlockTest -->
