<?xml version="1.0" encoding="UTF-8"?>
<!-- Generated by org.testng.reporters.JUnitReportReporter -->
<testsuite hostname="AILT-100416" failures="0" tests="2" name="com.audree.infotech.pwo2.tests.masters.RoomName" time="11.993" errors="0" timestamp="2024-09-25T11:43:47 IST" skipped="0">
  <testcase classname="com.audree.infotech.pwo2.tests.masters.RoomName" name="Create" time="6.439"/>
  <testcase classname="com.audree.infotech.pwo2.tests.masters.RoomName" name="Update" time="5.554"/>
</testsuite> <!-- com.audree.infotech.pwo2.tests.masters.RoomName -->
