<?xml version="1.0" encoding="UTF-8"?>
<!-- Generated by org.testng.reporters.JUnitReportReporter -->
<testsuite hostname="AILT-100416" failures="0" tests="2" name="com.audree.infotech.pwo2.tests.masters.MaterialNameTest" time="11.149" errors="0" timestamp="2024-09-25T11:47:37 IST" skipped="0">
  <testcase classname="com.audree.infotech.pwo2.tests.masters.MaterialNameTest" name="Update" time="4.619"/>
  <testcase classname="com.audree.infotech.pwo2.tests.masters.MaterialNameTest" name="Create" time="6.530"/>
</testsuite> <!-- com.audree.infotech.pwo2.tests.masters.MaterialNameTest -->
