<?xml version="1.0" encoding="UTF-8"?>
<!-- Generated by org.testng.reporters.JUnitReportReporter -->
<testsuite hostname="AILT-100416" failures="0" tests="1" name="com.audree.infotech.pwo2.tests.masters.EquipOrInstId" time="9.630" errors="0" timestamp="2024-09-05T14:49:33 IST" skipped="0">
  <testcase classname="com.audree.infotech.pwo2.tests.masters.EquipOrInstId" name="Update" time="9.630"/>
</testsuite> <!-- com.audree.infotech.pwo2.tests.masters.EquipOrInstId -->
