<?xml version="1.0" encoding="UTF-8"?>
<!-- Generated by org.testng.reporters.JUnitReportReporter -->
<testsuite hostname="AILT-100416" failures="0" tests="1" name="com.audree.infotech.pwo2.tests.Transcations.WorkOrderLogTest" time="31.616" errors="0" timestamp="2024-09-24T10:35:17 IST" skipped="0">
  <testcase classname="com.audree.infotech.pwo2.tests.Transcations.WorkOrderLogTest" name="testWorkOrderLog" time="31.616"/>
</testsuite> <!-- com.audree.infotech.pwo2.tests.Transcations.WorkOrderLogTest -->
