<?xml version="1.0" encoding="UTF-8"?>
<!-- Generated by org.testng.reporters.JUnitReportReporter -->
<testsuite hostname="AILT-100416" failures="0" tests="2" name="com.audree.infotech.pwo2.tests.masters.RoomId" time="9.509" errors="0" timestamp="2024-09-05T12:59:47 IST" skipped="0">
  <testcase classname="com.audree.infotech.pwo2.tests.masters.RoomId" name="Create" time="5.897"/>
  <testcase classname="com.audree.infotech.pwo2.tests.masters.RoomId" name="Update" time="3.612"/>
</testsuite> <!-- com.audree.infotech.pwo2.tests.masters.RoomId -->
